{"level":"info","message":"Report created by user 1752230725105: 1752511943365"}
{"level":"info","message":"User registered: vborse2005@gmail.com (1752567252993)"}
{"level":"info","message":"Reports accessed by user 1752567252993"}
{"level":"info","message":"Reports accessed by user 1752567252993"}
{"level":"info","message":"Reports accessed by user 1752567252993"}
{"level":"info","message":"Reports accessed by user 1752567252993"}
{"level":"info","message":"Reports accessed by user 1752567252993"}
{"level":"info","message":"Reports accessed by user 1752567252993"}
{"level":"info","message":"Reports accessed by user 1752567252993"}
{"level":"info","message":"Report created by user 1752567252993: 1752604135959"}
{"level":"info","message":"Report created by user 1752567252993: 1752604136719"}
{"level":"info","message":"Report created by user 1752567252993: 1752604157377"}
{"level":"info","message":"Report created by user 1752567252993: 1752604560862"}
{"level":"info","message":"Report created by user 1752567252993: 1752604618651"}
{"level":"info","message":"Report created by user 1752567252993: 1752605076269"}
{"level":"info","message":"Report created by user 1752567252993: 1752605125099"}
{"level":"info","message":"Reports accessed by user 1752567252993"}
{"level":"info","message":"Reports accessed by user 1752567252993"}
{"level":"info","message":"Report 1752605125099 deleted by user 1752567252993"}
{"level":"info","message":"Reports accessed by user 1752567252993"}
{"level":"info","message":"Report 1752605076269 deleted by user 1752567252993"}
{"level":"info","message":"Reports accessed by user 1752567252993"}
{"level":"info","message":"Report 1752604618651 deleted by user 1752567252993"}
{"level":"info","message":"Reports accessed by user 1752567252993"}
{"level":"info","message":"Report 1752604560862 deleted by user 1752567252993"}
{"level":"info","message":"Reports accessed by user 1752567252993"}
{"level":"info","message":"Report created by user 1752567252993: 1752605178655"}
{"level":"info","message":"Report created by user 1752567252993: 1752605228312"}
{"level":"info","message":"Report created by user 1752567252993: 1752605233349"}
{"level":"info","message":"Report created by user 1752567252993: 1752660629749"}
{"level":"info","message":"Report created by user 1752567252993: 1752660675202"}
{"level":"info","message":"Report created by user 1752567252993: 1752660850293"}
{"level":"info","message":"Report created by user 1752567252993: 1752661003887"}
{"level":"info","message":"Report created by user 1752567252993: 1752661275445"}
{"level":"info","message":"Report created by user 1752567252993: 1752661297775"}
{"level":"info","message":"Report created by user 1752567252993: 1752661373530"}
{"level":"info","message":"Report created by user 1752567252993: 1752662299688"}
{"level":"info","message":"Report created by user 1752567252993: 1752662393470"}
{"level":"info","message":"User registered: vborse2009@gmail.com (1753426349870)"}
{"level":"info","message":"Reports accessed by user 1753426349870"}
{"level":"info","message":"Reports accessed by user 1753426349870"}
{"level":"info","message":"Reports accessed by user 1753426349870"}
{"level":"info","message":"Reports accessed by user 1753426349870"}
{"level":"info","message":"Reports accessed by user 1753426349870"}
{"level":"info","message":"Reports accessed by user 1753426349870"}
{"level":"info","message":"Reports accessed by user 1753426349870"}
{"level":"info","message":"Reports accessed by user 1753426349870"}
{"level":"info","message":"Reports accessed by user 1753426349870"}
{"level":"info","message":"Reports accessed by user 1753426349870"}
{"level":"info","message":"Reports accessed by user 1753426349870"}
{"level":"info","message":"Reports accessed by user 1753426349870"}
{"level":"info","message":"Reports accessed by user 1753426349870"}
{"level":"info","message":"Reports accessed by user 1753426349870"}
{"level":"info","message":"Reports accessed by user 1753426349870"}
{"level":"info","message":"Reports accessed by user 1753426349870"}
{"level":"info","message":"User login: vborse2009@gmail.com (1753426349870)"}
